# JRE version: OpenJDK Runtime Environment (8.0_152-b02) (build 1.8.0_152-release-1024-b02)
# Java VM: OpenJDK 64-Bit Server VM (25.152-b02 mixed mode windows-amd64 compressed oops)
Heap:
 PSYoungGen      total 496640K, used 116137K [0x00000000e0000000, 0x00000000ffe80000, 0x0000000100000000)
  eden space 468992K, 22% used [0x00000000e0000000,0x00000000e67896b8,0x00000000fca00000)
  from space 27648K, 36% used [0x00000000fca00000,0x00000000fd3e0e68,0x00000000fe500000)
  to   space 26112K, 0% used [0x00000000fe500000,0x00000000fe500000,0x00000000ffe80000)
 ParOldGen       total 105472K, used 71638K [0x00000000a0000000, 0x00000000a6700000, 0x00000000e0000000)
  object space 105472K, 67% used [0x00000000a0000000,0x00000000a45f59a0,0x00000000a6700000)
 Metaspace       used 96864K, capacity 103192K, committed 103256K, reserved 1138688K
  class space    used 12199K, capacity 13390K, committed 13440K, reserved 1048576K
GC Heap History (10 events):
Event: 4043.108 GC heap before
{Heap before GC invocations=44 (full 5):
 PSYoungGen      total 461312K, used 443506K [0x00000000e0000000, 0x00000000fe600000, 0x0000000100000000)
  eden space 438272K, 100% used [0x00000000e0000000,0x00000000fac00000,0x00000000fac00000)
  from space 23040K, 22% used [0x00000000fcf80000,0x00000000fd49cb30,0x00000000fe600000)
  to   space 29696K, 0% used [0x00000000fac00000,0x00000000fac00000,0x00000000fc900000)
 ParOldGen       total 105472K, used 51988K [0x00000000a0000000, 0x00000000a6700000, 0x00000000e0000000)
  object space 105472K, 49% used [0x00000000a0000000,0x00000000a32c5120,0x00000000a6700000)
 Metaspace       used 89529K, capacity 93888K, committed 95192K, reserved 1132544K
  class space    used 11181K, capacity 12045K, committed 12544K, reserved 1048576K
Event: 4044.769 GC heap after
Heap after GC invocations=44 (full 5):
 PSYoungGen      total 467968K, used 3698K [0x00000000e0000000, 0x0000000100000000, 0x0000000100000000)
  eden space 438272K, 0% used [0x00000000e0000000,0x00000000e0000000,0x00000000fac00000)
  from space 29696K, 12% used [0x00000000fac00000,0x00000000faf9ca80,0x00000000fc900000)
  to   space 28672K, 0% used [0x00000000fe400000,0x00000000fe400000,0x0000000100000000)
 ParOldGen       total 105472K, used 56043K [0x00000000a0000000, 0x00000000a6700000, 0x00000000e0000000)
  object space 105472K, 53% used [0x00000000a0000000,0x00000000a36bac20,0x00000000a6700000)
 Metaspace       used 89529K, capacity 93888K, committed 95192K, reserved 1132544K
  class space    used 11181K, capacity 12045K, committed 12544K, reserved 1048576K
}
Event: 4200.412 GC heap before
{Heap before GC invocations=45 (full 5):
 PSYoungGen      total 467968K, used 441970K [0x00000000e0000000, 0x0000000100000000, 0x0000000100000000)
  eden space 438272K, 100% used [0x00000000e0000000,0x00000000fac00000,0x00000000fac00000)
  from space 29696K, 12% used [0x00000000fac00000,0x00000000faf9ca80,0x00000000fc900000)
  to   space 28672K, 0% used [0x00000000fe400000,0x00000000fe400000,0x0000000100000000)
 ParOldGen       total 105472K, used 56043K [0x00000000a0000000, 0x00000000a6700000, 0x00000000e0000000)
  object space 105472K, 53% used [0x00000000a0000000,0x00000000a36bac20,0x00000000a6700000)
 Metaspace       used 90750K, capacity 96154K, committed 96600K, reserved 1132544K
  class space    used 11411K, capacity 12400K, committed 12672K, reserved 1048576K
Event: 4200.555 GC heap after
Heap after GC invocations=45 (full 5):
 PSYoungGen      total 490496K, used 7572K [0x00000000e0000000, 0x00000000ffc00000, 0x0000000100000000)
  eden space 465920K, 0% used [0x00000000e0000000,0x00000000e0000000,0x00000000fc700000)
  from space 24576K, 30% used [0x00000000fe400000,0x00000000feb652c0,0x00000000ffc00000)
  to   space 27136K, 0% used [0x00000000fc700000,0x00000000fc700000,0x00000000fe180000)
 ParOldGen       total 105472K, used 57083K [0x00000000a0000000, 0x00000000a6700000, 0x00000000e0000000)
  object space 105472K, 54% used [0x00000000a0000000,0x00000000a37bed00,0x00000000a6700000)
 Metaspace       used 90750K, capacity 96154K, committed 96600K, reserved 1132544K
  class space    used 11411K, capacity 12400K, committed 12672K, reserved 1048576K
}
Event: 4723.545 GC heap before
{Heap before GC invocations=46 (full 5):
 PSYoungGen      total 490496K, used 473492K [0x00000000e0000000, 0x00000000ffc00000, 0x0000000100000000)
  eden space 465920K, 100% used [0x00000000e0000000,0x00000000fc700000,0x00000000fc700000)
  from space 24576K, 30% used [0x00000000fe400000,0x00000000feb652c0,0x00000000ffc00000)
  to   space 27136K, 0% used [0x00000000fc700000,0x00000000fc700000,0x00000000fe180000)
 ParOldGen       total 105472K, used 57083K [0x00000000a0000000, 0x00000000a6700000, 0x00000000e0000000)
  object space 105472K, 54% used [0x00000000a0000000,0x00000000a37bed00,0x00000000a6700000)
 Metaspace       used 91618K, capacity 97722K, committed 98008K, reserved 1134592K
  class space    used 11537K, capacity 12680K, committed 12800K, reserved 1048576K
Event: 4729.956 GC heap after
Heap after GC invocations=46 (full 5):
 PSYoungGen      total 493056K, used 7158K [0x00000000e0000000, 0x0000000100000000, 0x0000000100000000)
  eden space 465920K, 0% used [0x00000000e0000000,0x00000000e0000000,0x00000000fc700000)
  from space 27136K, 26% used [0x00000000fc700000,0x00000000fcdfd950,0x00000000fe180000)
  to   space 26112K, 0% used [0x00000000fe680000,0x00000000fe680000,0x0000000100000000)
 ParOldGen       total 105472K, used 57972K [0x00000000a0000000, 0x00000000a6700000, 0x00000000e0000000)
  object space 105472K, 54% used [0x00000000a0000000,0x00000000a389d078,0x00000000a6700000)
 Metaspace       used 91618K, capacity 97722K, committed 98008K, reserved 1134592K
  class space    used 11537K, capacity 12680K, committed 12800K, reserved 1048576K
}
Event: 4928.871 GC heap before
{Heap before GC invocations=47 (full 5):
 PSYoungGen      total 493056K, used 473078K [0x00000000e0000000, 0x0000000100000000, 0x0000000100000000)
  eden space 465920K, 100% used [0x00000000e0000000,0x00000000fc700000,0x00000000fc700000)
  from space 27136K, 26% used [0x00000000fc700000,0x00000000fcdfd950,0x00000000fe180000)
  to   space 26112K, 0% used [0x00000000fe680000,0x00000000fe680000,0x0000000100000000)
 ParOldGen       total 105472K, used 57972K [0x00000000a0000000, 0x00000000a6700000, 0x00000000e0000000)
  object space 105472K, 54% used [0x00000000a0000000,0x00000000a389d078,0x00000000a6700000)
 Metaspace       used 96405K, capacity 102612K, committed 102744K, reserved 1138688K
  class space    used 12181K, capacity 13390K, committed 13440K, reserved 1048576K
Event: 4969.569 GC heap after
Heap after GC invocations=47 (full 5):
 PSYoungGen      total 495104K, used 18526K [0x00000000e0000000, 0x0000000100000000, 0x0000000100000000)
  eden space 468992K, 0% used [0x00000000e0000000,0x00000000e0000000,0x00000000fca00000)
  from space 26112K, 70% used [0x00000000fe680000,0x00000000ff897998,0x0000000100000000)
  to   space 27648K, 0% used [0x00000000fca00000,0x00000000fca00000,0x00000000fe500000)
 ParOldGen       total 105472K, used 60234K [0x00000000a0000000, 0x00000000a6700000, 0x00000000e0000000)
  object space 105472K, 57% used [0x00000000a0000000,0x00000000a3ad2ac8,0x00000000a6700000)
 Metaspace       used 96405K, capacity 102612K, committed 102744K, reserved 1138688K
  class space    used 12181K, capacity 13390K, committed 13440K, reserved 1048576K
}
Event: 5504.208 GC heap before
{Heap before GC invocations=48 (full 5):
 PSYoungGen      total 495104K, used 487352K [0x00000000e0000000, 0x0000000100000000, 0x0000000100000000)
  eden space 468992K, 99% used [0x00000000e0000000,0x00000000fc9d6798,0x00000000fca00000)
  from space 26112K, 70% used [0x00000000fe680000,0x00000000ff897998,0x0000000100000000)
  to   space 27648K, 0% used [0x00000000fca00000,0x00000000fca00000,0x00000000fe500000)
 ParOldGen       total 105472K, used 60234K [0x00000000a0000000, 0x00000000a6700000, 0x00000000e0000000)
  object space 105472K, 57% used [0x00000000a0000000,0x00000000a3ad2ac8,0x00000000a6700000)
 Metaspace       used 96856K, capacity 103192K, committed 103256K, reserved 1138688K
  class space    used 12199K, capacity 13390K, committed 13440K, reserved 1048576K
Event: 5560.292 GC heap after
Heap after GC invocations=48 (full 5):
 PSYoungGen      total 496640K, used 10115K [0x00000000e0000000, 0x00000000ffe80000, 0x0000000100000000)
  eden space 468992K, 0% used [0x00000000e0000000,0x00000000e0000000,0x00000000fca00000)
  from space 27648K, 36% used [0x00000000fca00000,0x00000000fd3e0e68,0x00000000fe500000)
  to   space 26112K, 0% used [0x00000000fe500000,0x00000000fe500000,0x00000000ffe80000)
 ParOldGen       total 105472K, used 71638K [0x00000000a0000000, 0x00000000a6700000, 0x00000000e0000000)
  object space 105472K, 67% used [0x00000000a0000000,0x00000000a45f59a0,0x00000000a6700000)
 Metaspace       used 96856K, capacity 103192K, committed 103256K, reserved 1138688K
  class space    used 12199K, capacity 13390K, committed 13440K, reserved 1048576K
}

